\BOOKMARK [0][-]{chapter.1}{\376\377\000P\000o\000r\000c\000e\000n\000t\000a\000j\000e}{}% 1
\BOOKMARK [1][-]{section.1.1}{\376\377\000R\000e\000g\000l\000a\000\040\000d\000e\000\040\0003}{chapter.1}% 2
\BOOKMARK [1][-]{section.1.2}{\376\377\000C\000\341\000l\000c\000u\000l\000o\000\040\000M\000e\000n\000t\000a\000l}{chapter.1}% 3
\BOOKMARK [0][-]{chapter.2}{\376\377\000I\000n\000t\000e\000r\000e\000s\000e\000s}{}% 4
\BOOKMARK [1][-]{section.2.1}{\376\377\000T\000i\000p\000o\000s\000\040\000d\000e\000\040\000I\000n\000t\000e\000r\000e\000s\000e\000s}{chapter.2}% 5
\BOOKMARK [2][-]{subsection.2.1.1}{\376\377\000I\000n\000t\000e\000r\000\351\000s\000\040\000S\000i\000m\000p\000l\000e}{section.2.1}% 6
\BOOKMARK [2][-]{subsection.2.1.2}{\376\377\000I\000n\000t\000e\000r\000\351\000s\000\040\000C\000o\000m\000p\000u\000e\000s\000t\000o}{section.2.1}% 7
\BOOKMARK [2][-]{subsection.2.1.3}{\376\377\000I\000n\000t\000e\000r\000\351\000s\000\040\000C\000o\000n\000t\000i\000n\000u\000o}{section.2.1}% 8
\BOOKMARK [1][-]{section.2.2}{\376\377\000P\000u\000n\000t\000o\000s\000\040\000P\000o\000r\000c\000e\000n\000t\000u\000a\000l\000e\000s\000\040\000y\000\040\000B\000\341\000s\000i\000c\000o\000s}{chapter.2}% 9
\BOOKMARK [0][-]{chapter.3}{\376\377\000P\000r\000e\000c\000i\000o}{}% 10
\BOOKMARK [1][-]{section.3.1}{\376\377\000A\000u\000m\000e\000n\000t\000o\000\040\000y\000\040\000D\000e\000s\000c\000u\000e\000n\000t\000o}{chapter.3}% 11
\BOOKMARK [1][-]{section.3.2}{\376\377\000P\000r\000e\000c\000i\000o\000\040\000U\000n\000i\000t\000a\000r\000i\000o}{chapter.3}% 12
\BOOKMARK [0][-]{chapter.4}{\376\377\000S\000a\000l\000a\000r\000i\000o}{}% 13
\BOOKMARK [1][-]{section.4.1}{\376\377\000S\000a\000l\000a\000r\000i\000o\000\040\000p\000o\000r\000\040\000T\000i\000e\000m\000p\000o}{chapter.4}% 14
\BOOKMARK [0][-]{chapter.5}{\376\377\000I\000m\000p\000u\000e\000s\000t\000o\000s}{}% 15
\BOOKMARK [1][-]{section.5.1}{\376\377\000T\000i\000p\000o\000s}{chapter.5}% 16
\BOOKMARK [2][-]{subsection.5.1.1}{\376\377\000D\000i\000r\000e\000c\000t\000o\000s}{section.5.1}% 17
\BOOKMARK [2][-]{subsection.5.1.2}{\376\377\000I\000n\000d\000i\000r\000e\000c\000t\000o\000s}{section.5.1}% 18
\BOOKMARK [1][-]{section.5.2}{\376\377\000I\000m\000p\000u\000e\000s\000t\000o\000s\000\040\000C\000o\000m\000u\000n\000e\000s}{chapter.5}% 19
\BOOKMARK [2][-]{subsection.5.2.1}{\376\377\000I\000V\000A}{section.5.2}% 20
\BOOKMARK [2][-]{subsection.5.2.2}{\376\377\000E\000m\000p\000r\000e\000s\000a\000s}{section.5.2}% 21
\BOOKMARK [2][-]{subsection.5.2.3}{\376\377\000P\000a\000t\000r\000i\000m\000o\000n\000i\000o}{section.5.2}% 22
\BOOKMARK [1][-]{section.5.3}{\376\377\000P\000a\000i\000s\000e\000s}{chapter.5}% 23
\BOOKMARK [2][-]{subsection.5.3.1}{\376\377\000P\000a\000n\000a\000m\000\341}{section.5.3}% 24
\BOOKMARK [2][-]{subsection.5.3.2}{\376\377\000E\000s\000p\000a\000\361\000a}{section.5.3}% 25
\BOOKMARK [2][-]{subsection.5.3.3}{\376\377\000M\000\351\000x\000i\000c\000o}{section.5.3}% 26
\BOOKMARK [0][-]{chapter.6}{\376\377\000T\000a\000r\000j\000e\000t\000a\000s}{}% 27
\BOOKMARK [1][-]{section.6.1}{\376\377\000E\000l\000e\000m\000e\000n\000t\000o\000s}{chapter.6}% 28
\BOOKMARK [2][-]{subsection.6.1.1}{\376\377\000P\000a\000r\000t\000e\000\040\000F\000r\000o\000n\000t\000a\000l}{section.6.1}% 29
\BOOKMARK [2][-]{subsection.6.1.2}{\376\377\000P\000a\000r\000t\000e\000\040\000T\000r\000a\000s\000e\000r\000a}{section.6.1}% 30
\BOOKMARK [1][-]{section.6.2}{\376\377\000A\000l\000g\000o\000r\000i\000t\000m\000o\000\040\000d\000e\000\040\000L\000u\000h\000n}{chapter.6}% 31
